#
# There is insufficient memory for the Java Runtime Environment to continue.
# Native memory allocation (mmap) failed to map 266338304 bytes for Failed to commit area from 0x0000000703800000 to 0x0000000713600000 of length 266338304.
# Possible reasons:
#   The system is out of physical RAM or swap space
#   The process is running with CompressedOops enabled, and the Java Heap may be blocking the growth of the native heap
# Possible solutions:
#   Reduce memory load on the system
#   Increase physical memory or swap space
#   Check if swap backing store is full
#   Decrease Java heap size (-Xmx/-Xms)
#   Decrease number of Java threads
#   Decrease Java thread stack sizes (-Xss)
#   Set larger code cache with -XX:ReservedCodeCacheSize=
# This output file may be truncated or incomplete.
#
#  Out of Memory Error (src/hotspot/os/windows/os_windows.cpp:3627), pid=238072, tid=234412
#
# JRE version:  (11.0.15) (build )
# Java VM: OpenJDK 64-Bit Server VM (11.0.15+0-b2043.56-9505619, mixed mode, sharing, tiered, compressed oops, g1 gc, windows-amd64)
# No core dump will be written. Minidumps are not enabled by default on client versions of Windows
#

---------------  S U M M A R Y ------------

Command Line: git4idea.http.GitAskPassApp Username for 'https://github.com': 

Host: 12th Gen Intel(R) Core(TM) i5-12400, 12 cores, 15G,  Windows 10 , 64 bit Build 19041 (10.0.19041.2913)
Time: Thu Jun  8 16:54:30 2023  Windows 10 , 64 bit Build 19041 (10.0.19041.2913) elapsed time: 0.005890 seconds (0d 0h 0m 0s)

---------------  T H R E A D  ---------------

Current thread (0x000001c324841000):  JavaThread "Unknown thread" [_thread_in_vm, id=234412, stack(0x00000037aea00000,0x00000037aeb00000)]

Stack: [0x00000037aea00000,0x00000037aeb00000]
Native frames: (J=compiled Java code, j=interpreted, Vv=VM code, C=native code)
V  [jvm.dll+0x64135a]
V  [jvm.dll+0x7d39f9]
V  [jvm.dll+0x7d51b9]
V  [jvm.dll+0x7d58a3]
V  [jvm.dll+0x2691c5]
V  [jvm.dll+0x63e4e9]
V  [jvm.dll+0x632985]
V  [jvm.dll+0x3231ac]
V  [jvm.dll+0x323032]
V  [jvm.dll+0x327c06]
V  [jvm.dll+0x36ffa2]
V  [jvm.dll+0x36fa01]
V  [jvm.dll+0x2fea28]
V  [jvm.dll+0x2ffb25]
V  [jvm.dll+0x7accd7]
V  [jvm.dll+0x7ae49f]
V  [jvm.dll+0x37d299]
V  [jvm.dll+0x78ef9f]
V  [jvm.dll+0x3ec847]
V  [jvm.dll+0x3eed31]
C  [jli.dll+0x52cb]
C  [ucrtbase.dll+0x21bb2]
C  [KERNEL32.DLL+0x17614]
C  [ntdll.dll+0x526a1]


---------------  P R O C E S S  ---------------

Threads class SMR info:
_java_thread_list=0x000001c32458a330, length=0, elements={
}

Java Threads: ( => current thread )

Other Threads:
  0x000001c32485b800 GCTaskThread "GC Thread#0" [stack: 0x00000037aeb00000,0x00000037aec00000] [id=230984]
  0x000001c3248b8000 ConcurrentGCThread "G1 Main Marker" [stack: 0x00000037aec00000,0x00000037aed00000] [id=227712]
  0x000001c3248ba800 ConcurrentGCThread "G1 Conc#0" [stack: 0x00000037aed00000,0x00000037aee00000] [id=235044]

[error occurred during error reporting (printing all threads), id 0xc0000005, EXCEPTION_ACCESS_VIOLATION (0xc0000005) at pc=0x00007fff3642f3e7]

VM state:not at safepoint (not fully initialized)

VM Mutex/Monitor currently owned by a thread:  ([mutex/lock_event])
[0x000001c32483ced0] Heap_lock - owner thread: 0x000001c324841000

Heap address: 0x0000000703800000, size: 4040 MB, Compressed Oops mode: Non-zero based: 0x0000000703800000
Narrow klass base: 0x0000000000000000, Narrow klass shift: 0

GC Heap History (0 events):
No events

Deoptimization events (0 events):
No events

Classes redefined (0 events):
No events

Internal exceptions (0 events):
No events

Events (1 events):
Event: 0.003 Loaded shared library D:\Android\AndroidStudio\jbr\bin\zip.dll


Dynamic libraries:
0x00007ff686580000 - 0x00007ff68658a000 	D:\Android\AndroidStudio\jbr\bin\java.exe
0x00007fff6f7b0000 - 0x00007fff6f9a8000 	C:\Windows\SYSTEM32\ntdll.dll
0x00007fff6e2e0000 - 0x00007fff6e39f000 	C:\Windows\System32\KERNEL32.DLL
0x00007fff6d3b0000 - 0x00007fff6d6a6000 	C:\Windows\System32\KERNELBASE.dll
0x00007fff6d2b0000 - 0x00007fff6d3b0000 	C:\Windows\System32\ucrtbase.dll
0x00007fff5c5b0000 - 0x00007fff5c5c7000 	D:\Android\AndroidStudio\jbr\bin\jli.dll
0x00007fff5c0d0000 - 0x00007fff5c0eb000 	D:\Android\AndroidStudio\jbr\bin\VCRUNTIME140.dll
0x00007fff6da80000 - 0x00007fff6dc1d000 	C:\Windows\System32\USER32.dll
0x00007fff6ce90000 - 0x00007fff6ceb2000 	C:\Windows\System32\win32u.dll
0x00007fff6e670000 - 0x00007fff6e69c000 	C:\Windows\System32\GDI32.dll
0x00007fff5c180000 - 0x00007fff5c41a000 	C:\Windows\WinSxS\amd64_microsoft.windows.common-controls_6595b64144ccf1df_6.0.19041.1110_none_60b5254171f9507e\COMCTL32.dll
0x00007fff6d0a0000 - 0x00007fff6d1b5000 	C:\Windows\System32\gdi32full.dll
0x00007fff6ef20000 - 0x00007fff6efbe000 	C:\Windows\System32\msvcrt.dll
0x00007fff6d210000 - 0x00007fff6d2ad000 	C:\Windows\System32\msvcp_win.dll
0x00007fff6ee00000 - 0x00007fff6ee30000 	C:\Windows\System32\IMM32.DLL
0x00007fff68390000 - 0x00007fff6839c000 	D:\Android\AndroidStudio\jbr\bin\vcruntime140_1.dll
0x00007fff47470000 - 0x00007fff474fd000 	D:\Android\AndroidStudio\jbr\bin\msvcp140.dll
0x00007fff36120000 - 0x00007fff36cdc000 	D:\Android\AndroidStudio\jbr\bin\server\jvm.dll
0x00007fff6e4e0000 - 0x00007fff6e58f000 	C:\Windows\System32\ADVAPI32.dll
0x00007fff6ed60000 - 0x00007fff6edfc000 	C:\Windows\System32\sechost.dll
0x00007fff6e150000 - 0x00007fff6e276000 	C:\Windows\System32\RPCRT4.dll
0x00007fff6ef10000 - 0x00007fff6ef18000 	C:\Windows\System32\PSAPI.DLL
0x00007fff5cde0000 - 0x00007fff5cde9000 	C:\Windows\SYSTEM32\WSOCK32.dll
0x00007fff682b0000 - 0x00007fff682ba000 	C:\Windows\SYSTEM32\VERSION.dll
0x00007fff63570000 - 0x00007fff63597000 	C:\Windows\SYSTEM32\WINMM.dll
0x00007fff6e3a0000 - 0x00007fff6e40b000 	C:\Windows\System32\WS2_32.dll
0x00007fff6ac90000 - 0x00007fff6aca2000 	C:\Windows\SYSTEM32\kernel.appcore.dll
0x00007fff5cdc0000 - 0x00007fff5cdd0000 	D:\Android\AndroidStudio\jbr\bin\verify.dll
0x00007fff67310000 - 0x00007fff674f4000 	C:\Windows\SYSTEM32\DBGHELP.DLL
0x00007fff67500000 - 0x00007fff67534000 	C:\Windows\SYSTEM32\dbgcore.DLL
0x00007fff6cef0000 - 0x00007fff6cf72000 	C:\Windows\System32\bcryptPrimitives.dll
0x00007fff5c020000 - 0x00007fff5c048000 	D:\Android\AndroidStudio\jbr\bin\java.dll
0x00007fff5cd40000 - 0x00007fff5cd4a000 	D:\Android\AndroidStudio\jbr\bin\jimage.dll
0x00007fff5bfc0000 - 0x00007fff5bfd8000 	D:\Android\AndroidStudio\jbr\bin\zip.dll

dbghelp: loaded successfully - version: 4.0.5 - missing functions: none
symbol engine: initialized successfully - sym options: 0x614 - pdb path: .;D:\Android\AndroidStudio\jbr\bin;C:\Windows\SYSTEM32;C:\Windows\WinSxS\amd64_microsoft.windows.common-controls_6595b64144ccf1df_6.0.19041.1110_none_60b5254171f9507e;D:\Android\AndroidStudio\jbr\bin\server

VM Arguments:
java_command: git4idea.http.GitAskPassApp Username for 'https://github.com': 
java_class_path (initial): D:/Android/AndroidStudio/plugins/git4idea/lib/git4idea-rt.jar;D:/Android/AndroidStudio/lib/externalProcess-rt.jar;D:/Android/AndroidStudio/lib/app.jar;D:/Android/AndroidStudio/lib/3rd-party-rt.jar
Launcher Type: SUN_STANDARD

[Global flags]
     intx CICompilerCount                          = 4                                         {product} {ergonomic}
     uint ConcGCThreads                            = 3                                         {product} {ergonomic}
     uint G1ConcRefinementThreads                  = 10                                        {product} {ergonomic}
   size_t G1HeapRegionSize                         = 1048576                                   {product} {ergonomic}
    uintx GCDrainStackTargetSize                   = 64                                        {product} {ergonomic}
   size_t InitialHeapSize                          = 266338304                                 {product} {ergonomic}
   size_t MarkStackSize                            = 4194304                                   {product} {ergonomic}
   size_t MaxHeapSize                              = 4236247040                                {product} {ergonomic}
   size_t MinHeapDeltaBytes                        = 1048576                                   {product} {ergonomic}
    uintx NonNMethodCodeHeapSize                   = 5836300                                {pd product} {ergonomic}
    uintx NonProfiledCodeHeapSize                  = 122910970                              {pd product} {ergonomic}
    uintx ProfiledCodeHeapSize                     = 122910970                              {pd product} {ergonomic}
    uintx ReservedCodeCacheSize                    = 251658240                              {pd product} {ergonomic}
     bool SegmentedCodeCache                       = true                                      {product} {ergonomic}
     bool UseCompressedClassPointers               = true                                 {lp64_product} {ergonomic}
     bool UseCompressedOops                        = true                                 {lp64_product} {ergonomic}
     bool UseG1GC                                  = true                                      {product} {ergonomic}
     bool UseLargePagesIndividualAllocation        = false                                  {pd product} {ergonomic}

Logging:
Log output configuration:
 #0: stdout all=warning uptime,level,tags
 #1: stderr all=off uptime,level,tags

Environment Variables:
JAVA_HOME=D:\java\jdks\corretto-18
CLASSPATH=.;D:\java\jdks\corretto-18\bin;D:\java\jdks\corretto-18\lib\dt.jar;D:\java\jdks\corretto-18\lib\tools.jar
PATH=D:\Git\mingw64\libexec\git-core;D:\Git\mingw64\libexec\git-core;D:\Git\mingw64\bin;D:\Git\usr\bin;C:\Users\TF\bin;C:\Program Files (x86)\VMware\VMware Workstation\bin;D:\java\jdks\corretto-18\bin;D:\java\jdks\corretto-18\jre\bin;C:\Windows\system32;C:\Windows;C:\Windows\System32\Wbem;C:\Windows\System32\WindowsPowerShell\v1.0;C:\Windows\System32\OpenSSH;C:\Program Files (x86)\NVIDIA Corporation\PhysX\Common;D:\python\Python;D:\python\Python\Scripts;C:\Program Files (x86)\STMicroelectronics\STM32 ST-LINK Utility\ST-LINK Utility;D:\Git\cmd;D:\adb;C:\Program Files\Common Files\Autodesk Shared;C:\Program Files (x86)\Autodesk\Backburner;C:\Users\TF\AppData\Local\Microsoft\WindowsApps
USERNAME=TF
DISPLAY=:0.0
LC_ALL=en_US.UTF-8
OS=Windows_NT
PROCESSOR_IDENTIFIER=Intel64 Family 6 Model 151 Stepping 5, GenuineIntel



---------------  S Y S T E M  ---------------

OS: Windows 10 , 64 bit Build 19041 (10.0.19041.2913)
OS uptime: 13 days 21:37 hours

CPU:total 12 (initial active 12) (6 cores per cpu, 2 threads per core) family 6 model 151 stepping 5 microcode 0x25, cmov, cx8, fxsr, mmx, sse, sse2, sse3, ssse3, sse4.1, sse4.2, popcnt, avx, avx2, aes, clmul, erms, 3dnowpref, lzcnt, ht, tsc, tscinvbit, bmi1, bmi2, adx, sha, fma

Memory: 4k page, system-wide physical 16157M (1394M free)
TotalPageFile size 35357M (AvailPageFile size 50M)
current process WorkingSet (physical memory assigned to process): 10M, peak: 10M
current process commit charge ("private bytes"): 64M, peak: 318M

vm_info: OpenJDK 64-Bit Server VM (11.0.15+0-b2043.56-9505619) for windows-amd64 JRE (11.0.15+0-b2043.56-9505619), built on Jan 19 2023 02:48:00 by "builduser" with unknown MS VC++:1929

END.
